<?xml version="1.0" encoding="UTF-8"?>
<!-- Generated by org.testng.reporters.JUnitXMLReporter -->
<testsuite ignored="0" hostname="DESKTOP-H3UCDS2" failures="0" tests="3" name="Final QA Project 3" time="13.617" errors="0" timestamp="2021-02-05T13:20:38 EET">
  <testcase classname="test.LoginTests" name="executeSimpleTest" time="2.708"/>
  <testcase classname="test.LoginTests" name="executeSimpleTest" time="2.4"/>
  <testcase classname="test.LoginTests" name="executeSimpleTest" time="2.547"/>
</testsuite> <!-- Final QA Project 3 -->
