<?xml version="1.0" encoding="UTF-8"?>
<testng-results ignored="0" total="3" passed="3" failed="0" skipped="0">
  <reporter-output>
  </reporter-output>
  <suite started-at="2021-02-05T13:20:24 EET" name="Default Suite" finished-at="2021-02-05T13:20:38 EET" duration-ms="13617">
    <groups>
    </groups>
    <test started-at="2021-02-05T13:20:24 EET" name="Final QA Project 3" finished-at="2021-02-05T13:20:38 EET" duration-ms="13617">
      <class name="test.LoginTests">
        <test-method is-config="true" signature="setupDriver()[pri:0, instance:test.LoginTests@2a54a73f]" started-at="2021-02-05T13:20:24 EET" name="setupDriver" finished-at="2021-02-05T13:20:29 EET" duration-ms="4946" status="PASS">
          <reporter-output>
          </reporter-output>
        </test-method> <!-- setupDriver -->
        <test-method signature="executeSimpleTest(java.lang.String, java.lang.String)[pri:0, instance:test.LoginTests@2a54a73f]" started-at="2021-02-05T13:20:29 EET" name="executeSimpleTest" data-provider="login-data-file" finished-at="2021-02-05T13:20:32 EET" duration-ms="2708" status="PASS">
          <params>
            <param index="0">
              <value>
                <![CDATA[user1]]>
              </value>
            </param>
            <param index="1">
              <value>
                <![CDATA[ pass1]]>
              </value>
            </param>
          </params>
          <reporter-output>
          </reporter-output>
        </test-method> <!-- executeSimpleTest -->
        <test-method signature="executeSimpleTest(java.lang.String, java.lang.String)[pri:0, instance:test.LoginTests@2a54a73f]" started-at="2021-02-05T13:20:32 EET" name="executeSimpleTest" data-provider="login-data-file" finished-at="2021-02-05T13:20:34 EET" duration-ms="2400" status="PASS">
          <params>
            <param index="0">
              <value>
                <![CDATA[user2]]>
              </value>
            </param>
            <param index="1">
              <value>
                <![CDATA[ pass2]]>
              </value>
            </param>
          </params>
          <reporter-output>
          </reporter-output>
        </test-method> <!-- executeSimpleTest -->
        <test-method signature="executeSimpleTest(java.lang.String, java.lang.String)[pri:0, instance:test.LoginTests@2a54a73f]" started-at="2021-02-05T13:20:34 EET" name="executeSimpleTest" data-provider="login-data-file" finished-at="2021-02-05T13:20:37 EET" duration-ms="2547" status="PASS">
          <params>
            <param index="0">
              <value>
                <![CDATA[user3]]>
              </value>
            </param>
            <param index="1">
              <value>
                <![CDATA[ pass3]]>
              </value>
            </param>
          </params>
          <reporter-output>
          </reporter-output>
        </test-method> <!-- executeSimpleTest -->
        <test-method is-config="true" signature="teardownDriver()[pri:0, instance:test.LoginTests@2a54a73f]" started-at="2021-02-05T13:20:37 EET" name="teardownDriver" finished-at="2021-02-05T13:20:38 EET" duration-ms="891" status="PASS">
          <reporter-output>
          </reporter-output>
        </test-method> <!-- teardownDriver -->
      </class> <!-- test.LoginTests -->
    </test> <!-- Final QA Project 3 -->
  </suite> <!-- Default Suite -->
</testng-results>
